*** Using Compiler 'V5.05 update 1 (build 106)', folder: 'E:\Keil5\ARM\ARMCC\Bin'
Build target 'Target 1'
linking...
.\Objects\Project.axf: Error: L6406E: No space in execution regions with .ANY selector matching ffunicode.o(.constdata).
.\Objects\Project.axf: Error: L6406E: No space in execution regions with .ANY selector matching printfa.o(i._printf_core).
.\Objects\Project.axf: Error: L6406E: No space in execution regions with .ANY selector matching main.o(i.main).
.\Objects\Project.axf: Error: L6406E: No space in execution regions with .ANY selector matching ff.o(i.mount_volume).
.\Objects\Project.axf: Error: L6406E: No space in execution regions with .ANY selector matching ff.o(i.create_name).
.\Objects\Project.axf: Error: L6406E: No space in execution regions with .ANY selector matching ff.o(i.f_open).
.\Objects\Project.axf: Error: L6406E: No space in execution regions with .ANY selector matching ff.o(i.f_write).
.\Objects\Project.axf: Error: L6406E: No space in execution regions with .ANY selector matching ff.o(i.f_read).
.\Objects\Project.axf: Error: L6406E: No space in execution regions with .ANY selector matching mysd.o(i.SD_Init).
.\Objects\Project.axf: Error: L6406E: No space in execution regions with .ANY selector matching printfa.o(i._fp_digits).
.\Objects\Project.axf: Error: L6406E: No space in execution regions with .ANY selector matching dadd.o(.text).
.\Objects\Project.axf: Error: L6406E: No space in execution regions with .ANY selector matching ff.o(i.dir_register).
.\Objects\Project.axf: Error: L6406E: No space in execution regions with .ANY selector matching ff.o(i.put_fat).
.\Objects\Project.axf: Error: L6406E: No space in execution regions with .ANY selector matching ff.o(i.create_chain).
.\Objects\Project.axf: Error: L6406E: No space in execution regions with .ANY selector matching stm32f10x_gpio.o(i.GPIO_Init).
.\Objects\Project.axf: Error: L6406E: No space in execution regions with .ANY selector matching ff.o(i.dir_find).
.\Objects\Project.axf: Error: L6406E: No space in execution regions with .ANY selector matching dmul.o(.text).
.\Objects\Project.axf: Error: L6406E: No space in execution regions with .ANY selector matching system_stm32f10x.o(i.SetSysClockTo72).
.\Objects\Project.axf: Error: L6406E: No space in execution regions with .ANY selector matching ff.o(i.check_fs).
.\Objects\Project.axf: Error: L6406E: No space in execution regions with .ANY selector matching ff.o(i.get_fat).
.\Objects\Project.axf: Error: L6406E: No space in execution regions with .ANY selector matching ddiv.o(.text).
.\Objects\Project.axf: Error: L6406E: No space in execution regions with .ANY selector matching stm32f10x_usart.o(i.USART_Init).
.\Objects\Project.axf: Error: L6406E: No space in execution regions with .ANY selector matching stm32f10x_rcc.o(i.RCC_GetClocksFreq).
.\Objects\Project.axf: Error: L6406E: No space in execution regions with .ANY selector matching ff.o(i.gen_numname).
.\Objects\Project.axf: Error: L6406E: No space in execution regions with .ANY selector matching ff.o(i.dir_next).
.\Objects\Project.axf: Error: L6406E: No space in execution regions with .ANY selector matching ff.o(i.dir_clear).
.\Objects\Project.axf: Error: L6406E: No space in execution regions with .ANY selector matching depilogue.o(.text).
.\Objects\Project.axf: Error: L6406E: No space in execution regions with .ANY selector matching serial.o(i.Serial_Init).
.\Objects\Project.axf: Error: L6406E: No space in execution regions with .ANY selector matching myspi.o(i.MySPI_Init).
.\Objects\Project.axf: Error: L6406E: No space in execution regions with .ANY selector matching ffunicode.o(i.ff_wtoupper).
.\Objects\Project.axf: Error: L6406E: No space in execution regions with .ANY selector matching ff.o(i.f_sync).
.\Objects\Project.axf: Error: L6406E: No space in execution regions with .ANY selector matching serial.o(i.USART1_IRQHandler).
.\Objects\Project.axf: Error: L6406E: No space in execution regions with .ANY selector matching ff.o(i.follow_path).
.\Objects\Project.axf: Error: L6406E: No space in execution regions with .ANY selector matching ff.o(i.dir_sdi).
.\Objects\Project.axf: Error: L6406E: No space in execution regions with .ANY selector matching ff.o(i.remove_chain).
.\Objects\Project.axf: Error: L6406E: No space in execution regions with .ANY selector matching ff.o(i.cmp_lfn).
.\Objects\Project.axf: Error: L6406E: No space in execution regions with .ANY selector matching mysd.o(i.SD_Write_Sector).
.\Objects\Project.axf: Error: L6406E: No space in execution regions with .ANY selector matching ff.o(i.sync_fs).
.\Objects\Project.axf: Error: L6406E: No space in execution regions with .ANY selector matching ff.o(i.put_lfn).
.\Objects\Project.axf: Error: L6406E: No space in execution regions with .ANY selector matching mysd.o(i.SD_Read_Sector).
.\Objects\Project.axf: Error: L6406E: No space in execution regions with .ANY selector matching mysd.o(i.SD_SendCmd).
.\Objects\Project.axf: Error: L6406E: No space in execution regions with .ANY selector matching ff.o(i.find_volume).
.\Objects\Project.axf: Error: L6406E: No space in execution regions with .ANY selector matching mysd.o(i.SD_Get_SectorNum).
.\Objects\Project.axf: Error: L6406E: No space in execution regions with .ANY selector matching ffunicode.o(i.ff_uni2oem).
.\Objects\Project.axf: Error: L6406E: No space in execution regions with .ANY selector matching misc.o(i.NVIC_Init).
.\Objects\Project.axf: Error: L6406E: No space in execution regions with .ANY selector matching malloc.o(i.malloc).
.\Objects\Project.axf: Error: L6406E: No space in execution regions with .ANY selector matching ffunicode.o(i.ff_oem2uni).
.\Objects\Project.axf: Error: L6406E: No space in execution regions with .ANY selector matching uldiv.o(.text).
.\Objects\Project.axf: Error: L6406E: No space in execution regions with .ANY selector matching system_stm32f10x.o(i.SystemInit).
.\Objects\Project.axf: Error: L6406E: No space in execution regions with .ANY selector matching ff.o(i.dir_alloc).
.\Objects\Project.axf: Error: L6406E: No space in execution regions with .ANY selector matching ff.o(i.f_mount).
.\Objects\Project.axf: Error: L6406E: No space in execution regions with .ANY selector matching mysd.o(i.SD_Send_Block_Data).
.\Objects\Project.axf: Error: L6406E: No space in execution regions with .ANY selector matching ff.o(.constdata).
.\Objects\Project.axf: Error: L6406E: No space in execution regions with .ANY selector matching stm32f10x_usart.o(i.USART_GetITStatus).
.\Objects\Project.axf: Error: L6406E: No space in execution regions with .ANY selector matching ff.o(i.get_ldnumber).
.\Objects\Project.axf: Error: L6406E: No space in execution regions with .ANY selector matching malloc.o(i.free).
.\Objects\Project.axf: Error: L6406E: No space in execution regions with .ANY selector matching ff.o(i.tchar2uni).
.\Objects\Project.axf: Error: L6406E: No space in execution regions with .ANY selector matching stm32f10x_usart.o(i.USART_ITConfig).
.\Objects\Project.axf: Error: L6406E: No space in execution regions with .ANY selector matching diskio.o(i.disk_ioctl).
.\Objects\Project.axf: Error: L6406E: No space in execution regions with .ANY selector matching ff.o(i.sync_window).
.\Objects\Project.axf: Error: L6406E: No space in execution regions with .ANY selector matching ff.o(i.dbc_2nd).
.\Objects\Project.axf: Error: L6406E: No space in execution regions with .ANY selector matching mysd.o(i.SD_Read_Data).
.\Objects\Project.axf: Error: L6406E: No space in execution regions with .ANY selector matching stm32f10x_spi.o(i.SPI_Init).
.\Objects\Project.axf: Error: L6406E: No space in execution regions with .ANY selector matching ff.o(i.validate).
.\Objects\Project.axf: Error: L6406E: No space in execution regions with .ANY selector matching myspi.o(i.MySPI_SwapByte).
.\Objects\Project.axf: Error: L6406E: No space in execution regions with .ANY selector matching diskio.o(i.disk_read).
.\Objects\Project.axf: Error: L6406E: No space in execution regions with .ANY selector matching diskio.o(i.disk_write).
.\Objects\Project.axf: Error: L6406E: No space in execution regions with .ANY selector matching ff.o(i.dbc_1st).
.\Objects\Project.axf: Error: L6406E: No space in execution regions with .ANY selector matching ff.o(i.move_window).
.\Objects\Project.axf: Error: L6406E: No space in execution regions with .ANY selector matching ff.o(i.clmt_clust).
.\Objects\Project.axf: Error: L6406E: No space in execution regions with .ANY selector matching mysd.o(i.SD_Get_cid).
.\Objects\Project.axf: Error: L6406E: No space in execution regions with .ANY selector matching mysd.o(i.SD_Get_csd).
.\Objects\Project.axf: Error: L6406E: No space in execution regions with .ANY selector matching dfixul.o(.text).
.\Objects\Project.axf: Error: L6406E: No space in execution regions with .ANY selector matching cdrcmple.o(.text).
.\Objects\Project.axf: Error: L6406E: No space in execution regions with .ANY selector matching delay.o(i.Delay_us).
.\Objects\Project.axf: Error: L6406E: No space in execution regions with .ANY selector matching printfa.o(i._printf_pre_padding).
.\Objects\Project.axf: Error: L6406E: No space in execution regions with .ANY selector matching mysd.o(i.SD_Sync_Data).
.\Objects\Project.axf: Error: L6406E: No space in execution regions with .ANY selector matching uidiv.o(.text).
.\Objects\Project.axf: Error: L6406E: No space in execution regions with .ANY selector matching ff.o(i.ld_clust).
.\Objects\Project.axf: Error: L6406E: No space in execution regions with .ANY selector matching startup_stm32f10x_md.o(.text).
.\Objects\Project.axf: Error: L6406E: No space in execution regions with .ANY selector matching ff.o(i.st_clust).
.\Objects\Project.axf: Error: L6406E: No space in execution regions with .ANY selector matching memcpya.o(.text).
.\Objects\Project.axf: Error: L6406E: No space in execution regions with .ANY selector matching memseta.o(.text).
.\Objects\Project.axf: Error: L6406E: No space in execution regions with .ANY selector matching printfa.o(i._printf_post_padding).
.\Objects\Project.axf: Error: L6406E: No space in execution regions with .ANY selector matching llsshr.o(.text).
.\Objects\Project.axf: Error: L6406E: No space in execution regions with .ANY selector matching ff.o(i.f_close).
.\Objects\Project.axf: Error: L6406E: No space in execution regions with .ANY selector matching stm32f10x_rcc.o(i.RCC_APB2PeriphClockCmd).
.\Objects\Project.axf: Error: L6406E: No space in execution regions with .ANY selector matching ff.o(i.sum_sfn).
.\Objects\Project.axf: Error: L6406E: No space in execution regions with .ANY selector matching serial.o(i.Serial_SendByte).
.\Objects\Project.axf: Error: L6406E: No space in execution regions with .ANY selector matching printfa.o(i.__0printf).
.\Objects\Project.axf: Error: L6406E: No space in execution regions with .ANY selector matching llushr.o(.text).
.\Objects\Project.axf: Error: L6406E: No space in execution regions with .ANY selector matching stm32f10x_usart.o(i.USART_ClearITPendingBit).
.\Objects\Project.axf: Error: L6406E: No space in execution regions with .ANY selector matching llshl.o(.text).
.\Objects\Project.axf: Error: L6406E: No space in execution regions with .ANY selector matching stm32f10x_usart.o(i.USART_GetFlagStatus).
.\Objects\Project.axf: Error: L6406E: No space in execution regions with .ANY selector matching ff.o(i.clst2sect).
.\Objects\Project.axf: Error: L6406E: No space in execution regions with .ANY selector matching memcmp.o(.text).
.\Objects\Project.axf: Error: L6406E: No space in execution regions with .ANY selector matching dfltui.o(.text).
.\Objects\Project.axf: Error: L6406E: No space in execution regions with .ANY selector matching stm32f10x_spi.o(i.SPI_Cmd).
.\Objects\Project.axf: Error: L6406E: No space in execution regions with .ANY selector matching stm32f10x_usart.o(i.USART_Cmd).
.\Objects\Project.axf: Error: L6406E: No space in execution regions with .ANY selector matching delay.o(i.Delay_ms).
.\Objects\Project.axf: Error: L6406E: No space in execution regions with .ANY selector matching ff.o(i.ld_dword).
.\Objects\Project.axf: Error: L6406E: No space in execution regions with .ANY selector matching ff.o(i.st_dword).
.\Objects\Project.axf: Error: L6406E: No space in execution regions with .ANY selector matching misc.o(i.NVIC_PriorityGroupConfig).
.\Objects\Project.axf: Error: L6406E: No space in execution regions with .ANY selector matching diskio.o(i.disk_initialize).
.\Objects\Project.axf: Error: L6406E: No space in execution regions with .ANY selector matching strchr.o(.text).
.\Objects\Project.axf: Error: L6406E: No space in execution regions with .ANY selector matching stm32f10x_spi.o(i.SPI_I2S_GetFlagStatus).
.\Objects\Project.axf: Error: L6406E: No space in execution regions with .ANY selector matching diskio.o(i.disk_status).
.\Objects\Project.axf: Error: L6406E: No space in execution regions with .ANY selector matching serial.o(i.fputc).
.\Objects\Project.axf: Error: L6406E: No space in execution regions with .ANY selector matching mysd.o(i.SD_Read_Write_Byte).
.\Objects\Project.axf: Error: L6406E: No space in execution regions with .ANY selector matching strlen.o(.text).
.\Objects\Project.axf: Error: L6406E: No space in execution regions with .ANY selector matching ff.o(i.ld_word).
.\Objects\Project.axf: Error: L6406E: No space in execution regions with .ANY selector matching ff.o(i.st_word).
.\Objects\Project.axf: Error: L6406E: No space in execution regions with .ANY selector matching ffsystem.o(i.ff_memalloc).
.\Objects\Project.axf: Error: L6406E: No space in execution regions with .ANY selector matching ffsystem.o(i.ff_memfree).
.\Objects\Project.axf: Error: L6406E: No space in execution regions with .ANY selector matching stm32f10x_usart.o(i.USART_ReceiveData).
.\Objects\Project.axf: Error: L6406E: No space in execution regions with .ANY selector matching system_stm32f10x.o(i.SetSysClock).
.\Objects\Project.axf: Error: L6406E: No space in execution regions with .ANY selector matching stm32f10x_usart.o(i.USART_SendData).
.\Objects\Project.axf: Error: L6406E: No space in execution regions with .ANY selector matching diskio.o(i.get_fattime).
.\Objects\Project.axf: Error: L6406E: No space in execution regions with .ANY selector matching stm32f10x_spi.o(i.SPI_I2S_ReceiveData).
.\Objects\Project.axf: Error: L6406E: No space in execution regions with .ANY selector matching mysd.o(i.SD_Get_SectorSize).
.\Objects\Project.axf: Error: L6406E: No space in execution regions with .ANY selector matching stm32f10x_spi.o(i.SPI_I2S_SendData).
.\Objects\Project.axf: Error: L6406E: No space in execution regions with .ANY selector matching stm32f10x_it.o(i.BusFault_Handler).
.\Objects\Project.axf: Error: L6406E: No space in execution regions with .ANY selector matching stm32f10x_it.o(i.HardFault_Handler).
.\Objects\Project.axf: Error: L6406E: No space in execution regions with .ANY selector matching stm32f10x_it.o(i.MemManage_Handler).
.\Objects\Project.axf: Error: L6406E: No space in execution regions with .ANY selector matching stm32f10x_it.o(i.UsageFault_Handler).
.\Objects\Project.axf: Error: L6406E: No space in execution regions with .ANY selector matching stm32f10x_it.o(i.DebugMon_Handler).
.\Objects\Project.axf: Error: L6406E: No space in execution regions with .ANY selector matching stm32f10x_it.o(i.NMI_Handler).
.\Objects\Project.axf: Error: L6406E: No space in execution regions with .ANY selector matching stm32f10x_it.o(i.PendSV_Handler).
.\Objects\Project.axf: Error: L6406E: No space in execution regions with .ANY selector matching stm32f10x_it.o(i.SVC_Handler).
.\Objects\Project.axf: Error: L6406E: No space in execution regions with .ANY selector matching stm32f10x_it.o(i.SysTick_Handler).
.\Objects\Project.axf: Error: L6406E: No space in execution regions with .ANY selector matching iusefp.o(.text).
.\Objects\Project.axf: Error: L6407E: Sections of aggregate size 0x2eae8 bytes could not fit into .ANY selector(s).
Not enough information to list image symbols.
Not enough information to list the image map.
Finished: 2 information, 0 warning and 132 error messages.
".\Objects\Project.axf" - 132 Error(s), 0 Warning(s).
Target not created.
